<?xml version="1.0" encoding="UTF-8"?>
<testsuite name="com.example.oneplayerpong.GameEngineTest" tests="6" skipped="0" failures="0" errors="0" timestamp="2026-05-09T13:44:42" hostname="YARON-LAPTOP" time="0.037">
  <properties/>
  <testcase name="testBottomGameOverWithCamera" classname="com.example.oneplayerpong.GameEngineTest" time="0.018"/>
  <testcase name="testClimbingAndCamera" classname="com.example.oneplayerpong.GameEngineTest" time="0.005"/>
  <testcase name="testNoTopWallBounce" classname="com.example.oneplayerpong.GameEngineTest" time="0.005"/>
  <testcase name="testInitialState" classname="com.example.oneplayerpong.GameEngineTest" time="0.0"/>
  <testcase name="testScoringClimb" classname="com.example.oneplayerpong.GameEngineTest" time="0.001"/>
  <testcase name="testDifficultyScaling" classname="com.example.oneplayerpong.GameEngineTest" time="0.002"/>
  <system-out><![CDATA[]]></system-out>
  <system-err><![CDATA[]]></system-err>
</testsuite>
